<?xml version="1.0" encoding="UTF-8"?>
<testsuite xmlns:xsi="http://www.w3.org/2001/XMLSchema-instance" xsi:noNamespaceSchemaLocation="https://maven.apache.org/surefire/maven-surefire-plugin/xsd/surefire-test-report.xsd" name="TestSuite" time="44.678" tests="2" errors="0" skipped="0" failures="1">
  <properties>
[...]
</properties>
  <testcase name="AllRightReservedTest" classname="tests.MECM.LOG_IN.AllRightReservedTest" time="8.074"/>
  <testcase name="logOutTest" classname="tests.MECM.LOG_IN.logOutTest" time="19.966">
    <failure message="Not Equal" type="java.lang.AssertionError">java.lang.AssertionError: Not Equal
	at tests.MECM.LOG_IN.logOutTest.logOutTest(logOutTest.java:35)
</failure>
    <system-out><![CDATA[https://stg-nemo.mahindraelectric.com/mcms/dashboard
https://stg-nemo.mahindraelectric.com/authentication/login
]]></system-out>
    <system-err><![CDATA[Starting ChromeDriver 2.37.544315 (730aa6a5fdba159ac9f4c1e8cbc59bf1b5ce12b7) on port 43808
Only local connections are allowed.
Dec 15, 2022 12:23:33 AM org.openqa.selenium.remote.ProtocolHandshake createSession
INFO: Detected dialect: OSS
]]></system-err>
  </testcase>
</testsuite>